<?xml version="1.0" encoding="UTF-8"?>
<testng-results ignored="0" total="1" passed="1" failed="0" skipped="0">
  <reporter-output>
  </reporter-output>
  <suite started-at="2021-11-25T01:58:24Z" name="Default suite" finished-at="2021-11-25T01:58:39Z" duration-ms="15558">
    <groups>
    </groups>
    <test started-at="2021-11-25T01:58:24Z" name="Default test" finished-at="2021-11-25T01:58:39Z" duration-ms="15558">
      <class name="test.AddContactTest">
        <test-method signature="validUserShoudBeAbleToAddCustomer()[pri:0, instance:test.AddContactTest@6eb2384f]" started-at="2021-11-25T01:58:24Z" name="validUserShoudBeAbleToAddCustomer" finished-at="2021-11-25T01:58:39Z" duration-ms="15523" status="PASS">
          <reporter-output>
          </reporter-output>
        </test-method> <!-- validUserShoudBeAbleToAddCustomer -->
      </class> <!-- test.AddContactTest -->
    </test> <!-- Default test -->
  </suite> <!-- Default suite -->
</testng-results>
